<?xml version="1.0" encoding="UTF-8"?>
<!-- Generated by org.testng.reporters.JUnitReportReporter -->
<testsuite hostname="Guri_Badwal" failures="0" tests="1" name="com.nopcommerce.AutomationFramework2.Tests.CheckOutTest" time="45.466" errors="0" timestamp="2023-06-23T07:22:30 EDT" skipped="0">
  <testcase classname="com.nopcommerce.AutomationFramework2.Tests.CheckOutTest" name="validatePlaceOrderCheckoutProcess" time="45.466"/>
  <system-out/>
</testsuite> <!-- com.nopcommerce.AutomationFramework2.Tests.CheckOutTest -->
