<?xml version="1.0" encoding="UTF-8"?>
<!-- Generated by org.testng.reporters.JUnitReportReporter -->
<testsuite hostname="Guri_Badwal" failures="0" tests="1" name="com.nopcommerce.AutomationFramework2.Tests.DemoStoreTest" time="18.367" errors="0" timestamp="2023-06-26T14:25:30 EDT" skipped="0">
  <testcase classname="com.nopcommerce.AutomationFramework2.Tests.DemoStoreTest" name="validateWindowSwitch" time="18.367"/>
  <system-out/>
</testsuite> <!-- com.nopcommerce.AutomationFramework2.Tests.DemoStoreTest -->
